Arguments: 
  C:\Program Files\nodejs\node.exe C:\Program Files (x86)\Yarn\bin\yarn.js

PATH: 
  C:\Program Files\Git\mingw64\bin;C:\Program Files\Git\usr\bin;C:\Users\sumit\bin;C:\ProgramData\Oracle\Java\javapath;C:\Program Files (x86)\Common Files\Intel\Shared Libraries\redist\intel64\compiler;C:\Program Files (x86)\Intel\iCLS Client;C:\Program Files\Intel\iCLS Client;C:\windows\system32;C:\windows;C:\windows\System32\Wbem;C:\windows\System32\WindowsPowerShell\v1.0;C:\Program Files (x86)\Intel\Intel(R) Management Engine Components\DAL;C:\Program Files\Intel\Intel(R) Management Engine Components\DAL;C:\Program Files (x86)\Intel\Intel(R) Management Engine Components\IPT;C:\Program Files\Intel\Intel(R) Management Engine Components\IPT;C:\WINDOWS\system32;C:\WINDOWS;C:\WINDOWS\System32\Wbem;C:\WINDOWS\System32\WindowsPowerShell\v1.0;C:\WINDOWS\System32\OpenSSH;C:\Program Files (x86)\Yarn\bin;C:\Program Files\Git\cmd;C:\Program Files (x86)\NVIDIA Corporation\PhysX\Common;D:\Program Files (x86)\Smart Projects\IsoBuster;C:\WINDOWS\system32;C:\WINDOWS;C:\WINDOWS\System32\Wbem;C:\WINDOWS\System32\WindowsPowerShell\v1.0;C:\WINDOWS\System32\OpenSSH;C:\Program Files\nodejs;C:\Program Files\dotnet;C:\Users\sumit\AppData\Local\Programs\Python\Python37-32\Scripts;C:\Users\sumit\AppData\Local\Programs\Python\Python37-32;C:\Users\sumit\AppData\Local\Microsoft\WindowsApps;D:\Program Files\Microsoft VS Code\bin;C:\Users\sumit\AppData\Local\Yarn\bin;D:\Program Files\heroku\bin;C:\Users\sumit\AppData\Local\hyper\app-3.0.2\resources\bin;C:\Users\sumit\AppData\Roaming\npm

Yarn version: 
  1.12.3

Node version: 
  11.15.0

Platform: 
  win32 x64

Trace: 
  Error: https://registry.yarnpkg.com/core-js/-/core-js-2.6.11.tgz: ESOCKETTIMEDOUT
      at ClientRequest.<anonymous> (C:\Program Files (x86)\Yarn\lib\cli.js:129645:19)
      at Object.onceWrapper (events.js:281:20)
      at ClientRequest.emit (events.js:193:13)
      at TLSSocket.emitRequestTimeout (_http_client.js:669:40)
      at Object.onceWrapper (events.js:281:20)
      at TLSSocket.emit (events.js:193:13)
      at TLSSocket.Socket._onTimeout (net.js:450:8)
      at listOnTimeout (internal/timers.js:535:17)
      at processTimers (internal/timers.js:479:7)

npm manifest: 
  {
    "name": "shoe-kart-client",
    "version": "1.0.0",
    "description": "shop for shoes",
    "main": "index.jsx",
    "author": "Sj",
    "license": "MIT",
    "private": false,
    "scripts": {
      "watch": "parcel --port=3000 src/index.html",
      "build": "rm -rf dist && parcel build src/index.html"
    },
    "dependencies": {
      "@apollo/react-hooks": "^3.1.4",
      "apollo-boost": "^0.4.7",
      "apollo-cache-inmemory": "^1.6.5",
      "apollo-client": "^2.6.8",
      "apollo-link-http": "^1.5.16",
      "graphql": "^15.0.0",
      "graphql-tag": "^2.10.3",
      "react": "^16.13.1",
      "react-apollo": "^3.1.4",
      "react-dom": "^16.13.1",
      "react-icons": "^3.10.0",
      "react-router-dom": "^5.1.2",
      "src": "^1.1.2",
      "uuid": "^8.1.0"
    },
    "devDependencies": {
      "@types/node": "^13.11.0",
      "@types/react": "^16.9.31",
      "@types/react-dom": "^16.9.6",
      "@types/react-router-dom": "^5.1.3",
      "@types/resize-observer-browser": "^0.1.3",
      "@types/uuid": "^8.0.0",
      "@typescript-eslint/eslint-plugin": "^2.26.0",
      "@typescript-eslint/parser": "^2.26.0",
      "eslint": "^6.8.0",
      "eslint-config-prettier": "^6.10.1",
      "eslint-plugin-prettier": "^3.1.2",
      "eslint-plugin-react": "^7.19.0",
      "parcel-bundler": "^1.12.4",
      "prettier": "^2.0.2",
      "react-hot-loader": "^4.12.20",
      "sass": "^1.26.3",
      "typescript": "^3.8.3"
    }
  }

yarn manifest: 
  No manifest

Lockfile: 
  No lockfile
